<?xml version="1.0" encoding="UTF-8"?>
<!-- Generated by org.testng.reporters.JUnitXMLReporter -->
<testsuite ignored="0" hostname="DESKTOP-QVL7C42" failures="0" tests="4" name="Test" time="113.614" errors="0" timestamp="2024-08-21T11:24:58 IST">
  <testcase classname="com.hybrid.test.TC_002_Login" name="Verify_InvalidCredential" time="1.401"/>
  <testcase classname="com.hybrid.test.TC_002_Login" name="Verify_ValidCredential" time="2.979"/>
  <testcase classname="com.hybrid.test.TC_001_AccountRegistration" name="Verify_InvalidCredential" time="1.075"/>
  <testcase classname="com.hybrid.test.TC_001_AccountRegistration" name="Verify_ValidCredentials" time="1.746"/>
</testsuite> <!-- Test -->
